<?xml version="1.0" encoding="UTF-8"?>
<testng-results ignored="0" total="2" passed="2" failed="0" skipped="0">
  <reporter-output>
  </reporter-output>
  <suite started-at="2026-04-17T09:39:50 IST" name="Suite" finished-at="2026-04-17T09:40:19 IST" duration-ms="28729">
    <groups>
    </groups>
    <test started-at="2026-04-17T09:39:50 IST" name="Test" finished-at="2026-04-17T09:40:19 IST" duration-ms="28729">
      <class name="Basic_AutomationProject.ValidateHomePage">
        <test-method signature="test()[pri:0, instance:Basic_AutomationProject.ValidateHomePage@1a04f701]" started-at="2026-04-17T09:39:50 IST" name="test" finished-at="2026-04-17T09:40:13 IST" duration-ms="22737" status="PASS">
          <reporter-output>
          </reporter-output>
        </test-method> <!-- test -->
      </class> <!-- Basic_AutomationProject.ValidateHomePage -->
      <class name="Basic_AutomationProject.ValidateLoginPage">
        <test-method signature="verifyLoginPage()[pri:0, instance:Basic_AutomationProject.ValidateLoginPage@419c5f1a]" started-at="2026-04-17T09:40:13 IST" name="verifyLoginPage" finished-at="2026-04-17T09:40:19 IST" duration-ms="5890" status="PASS">
          <reporter-output>
          </reporter-output>
        </test-method> <!-- verifyLoginPage -->
      </class> <!-- Basic_AutomationProject.ValidateLoginPage -->
    </test> <!-- Test -->
  </suite> <!-- Suite -->
</testng-results>
