<?xml version="1.0" encoding="UTF-8"?>
<testng-results ignored="0" total="2" passed="2" failed="0" skipped="0">
  <reporter-output>
  </reporter-output>
  <suite started-at="2026-04-17T09:33:07 IST" name="Suite" finished-at="2026-04-17T09:33:35 IST" duration-ms="28785">
    <groups>
    </groups>
    <test started-at="2026-04-17T09:33:07 IST" name="Test" finished-at="2026-04-17T09:33:35 IST" duration-ms="28785">
      <class name="Basic_AutomationProject.ValidateHomePage">
        <test-method signature="test()[pri:0, instance:Basic_AutomationProject.ValidateHomePage@2a4fb17b]" started-at="2026-04-17T09:33:07 IST" name="test" finished-at="2026-04-17T09:33:29 IST" duration-ms="22052" status="PASS">
          <reporter-output>
          </reporter-output>
        </test-method> <!-- test -->
      </class> <!-- Basic_AutomationProject.ValidateHomePage -->
      <class name="Basic_AutomationProject.ValidateLoginPage">
        <test-method signature="verifyLoginPage()[pri:0, instance:Basic_AutomationProject.ValidateLoginPage@368f2016]" started-at="2026-04-17T09:33:29 IST" name="verifyLoginPage" finished-at="2026-04-17T09:33:35 IST" duration-ms="6621" status="PASS">
          <reporter-output>
          </reporter-output>
        </test-method> <!-- verifyLoginPage -->
      </class> <!-- Basic_AutomationProject.ValidateLoginPage -->
    </test> <!-- Test -->
  </suite> <!-- Suite -->
</testng-results>
